{"level":"info","message":"Hello from Acquisitions!","service":"acquisitions-api","timestamp":"2025-12-16T16:45:27.234Z"}
{"level":"info","message":"::1 - - [16/Dec/2025:16:45:27 +0000] \"GET / HTTP/1.1\" 304 - \"-\" \"Mozilla/5.0 (Windows NT 10.0; Win64; x64) AppleWebKit/537.36 (KHTML, like Gecko) Chrome/143.0.0.0 Safari/537.36 Edg/143.0.0.0\"","service":"acquisitions-api","timestamp":"2025-12-16T16:45:27.288Z"}
{"level":"info","message":"Hello from Acquisitions!","service":"acquisitions-api","timestamp":"2025-12-17T10:03:56.634Z"}
{"level":"info","message":"::1 - - [17/Dec/2025:10:03:56 +0000] \"GET / HTTP/1.1\" 200 24 \"-\" \"HTTPie\"","service":"acquisitions-api","timestamp":"2025-12-17T10:03:56.699Z"}
{"level":"info","message":"::1 - - [17/Dec/2025:10:04:02 +0000] \"GET /api HTTP/1.1\" 200 42 \"-\" \"HTTPie\"","service":"acquisitions-api","timestamp":"2025-12-17T10:04:02.372Z"}
{"level":"info","message":"::1 - - [17/Dec/2025:10:04:05 +0000] \"GET /api/heath HTTP/1.1\" 404 148 \"-\" \"HTTPie\"","service":"acquisitions-api","timestamp":"2025-12-17T10:04:05.915Z"}
{"level":"info","message":"::1 - - [17/Dec/2025:10:04:08 +0000] \"GET /api/health HTTP/1.1\" 404 149 \"-\" \"HTTPie\"","service":"acquisitions-api","timestamp":"2025-12-17T10:04:08.327Z"}
{"level":"info","message":"::1 - - [17/Dec/2025:10:04:12 +0000] \"GET /health HTTP/1.1\" 200 73 \"-\" \"HTTPie\"","service":"acquisitions-api","timestamp":"2025-12-17T10:04:12.839Z"}
{"level":"info","message":"::1 - - [17/Dec/2025:10:31:56 +0000] \"GET /api/auth/sign-up HTTP/1.1\" 404 155 \"-\" \"HTTPie\"","service":"acquisitions-api","timestamp":"2025-12-17T10:31:56.327Z"}
{"level":"info","message":"::1 - - [17/Dec/2025:10:32:13 +0000] \"POST /api/auth/sign-up HTTP/1.1\" 400 92 \"-\" \"HTTPie\"","service":"acquisitions-api","timestamp":"2025-12-17T10:32:13.627Z"}
{"level":"info","message":"::1 - - [17/Dec/2025:10:32:55 +0000] \"POST /api/auth/sign-up HTTP/1.1\" 400 144 \"-\" \"HTTPie\"","service":"acquisitions-api","timestamp":"2025-12-17T10:32:55.782Z"}
{"level":"info","message":"User signed up: test@gmail.com","service":"acquisitions-api","timestamp":"2025-12-17T10:33:20.809Z"}
{"level":"info","message":"::1 - - [17/Dec/2025:10:33:20 +0000] \"POST /api/auth/sign-up HTTP/1.1\" 201 110 \"-\" \"HTTPie\"","service":"acquisitions-api","timestamp":"2025-12-17T10:33:20.817Z"}
{"level":"info","message":"Created new user: gutabarwaa@gmail.com","service":"acquisitions-api","timestamp":"2025-12-17T10:49:31.666Z"}
{"level":"error","message":"Signup error res.cooke is not a function","service":"acquisitions-api","stack":"TypeError: res.cooke is not a function\n    at Object.set (file:///C:/Users/gutab/Videos/acquisitions/src/utils/cookies.js:9:9)\n    at signup (file:///C:/Users/gutab/Videos/acquisitions/src/controllers/auth.controller.js:25:13)\n    at process.processTicksAndRejections (node:internal/process/task_queues:105:5)","timestamp":"2025-12-17T10:49:31.676Z"}
{"level":"info","message":"::1 - - [17/Dec/2025:10:49:31 +0000] \"POST /api/auth/sign-up HTTP/1.1\" 500 475 \"-\" \"HTTPie\"","service":"acquisitions-api","timestamp":"2025-12-17T10:49:31.681Z"}
{"cause":{"code":"23505","constraint":"users_email_unique","detail":"Key (email)=(gutabarwaa@gmail.com) already exists.","file":"nbtinsert.c","line":"667","name":"NeonDbError","routine":"_bt_check_unique","schema":"public","severity":"ERROR","table":"users"},"level":"error","message":"Error creating user Failed query: insert into \"users\" (\"id\", \"name\", \"email\", \"password\", \"role\", \"created_at\", \"updated_at\") values (default, $1, $2, $3, $4, default, default) returning \"id\", \"name\", \"email\", \"role\", \"created_at\", \"updated_at\"\nparams: Chlomi,gutabarwaa@gmail.com,$2b$10$qD5iquR/PB1FcLiwD41fj.iA1uIAUVfufd4lCUwbh8mW.0d4gIU96,admin","params":["Chlomi","gutabarwaa@gmail.com","$2b$10$qD5iquR/PB1FcLiwD41fj.iA1uIAUVfufd4lCUwbh8mW.0d4gIU96","admin"],"query":"insert into \"users\" (\"id\", \"name\", \"email\", \"password\", \"role\", \"created_at\", \"updated_at\") values (default, $1, $2, $3, $4, default, default) returning \"id\", \"name\", \"email\", \"role\", \"created_at\", \"updated_at\"","service":"acquisitions-api","stack":"Error: Failed query: insert into \"users\" (\"id\", \"name\", \"email\", \"password\", \"role\", \"created_at\", \"updated_at\") values (default, $1, $2, $3, $4, default, default) returning \"id\", \"name\", \"email\", \"role\", \"created_at\", \"updated_at\"\nparams: Chlomi,gutabarwaa@gmail.com,$2b$10$qD5iquR/PB1FcLiwD41fj.iA1uIAUVfufd4lCUwbh8mW.0d4gIU96,admin\n    at NeonHttpPreparedQuery.queryWithCache (file:///C:/Users/gutab/Videos/acquisitions/node_modules/drizzle-orm/pg-core/session.js:41:15)\n    at process.processTicksAndRejections (node:internal/process/task_queues:105:5)\n    at async NeonHttpPreparedQuery.execute (file:///C:/Users/gutab/Videos/acquisitions/node_modules/drizzle-orm/neon-http/session.js:45:20)\n    at async createUser (file:///C:/Users/gutab/Videos/acquisitions/src/services/auth.service.js:24:23)\n    at async signup (file:///C:/Users/gutab/Videos/acquisitions/src/controllers/auth.controller.js:21:18)","timestamp":"2025-12-17T10:49:52.784Z"}
{"cause":{"code":"23505","constraint":"users_email_unique","detail":"Key (email)=(gutabarwaa@gmail.com) already exists.","file":"nbtinsert.c","line":"667","name":"NeonDbError","routine":"_bt_check_unique","schema":"public","severity":"ERROR","table":"users"},"level":"error","message":"Signup error Failed query: insert into \"users\" (\"id\", \"name\", \"email\", \"password\", \"role\", \"created_at\", \"updated_at\") values (default, $1, $2, $3, $4, default, default) returning \"id\", \"name\", \"email\", \"role\", \"created_at\", \"updated_at\"\nparams: Chlomi,gutabarwaa@gmail.com,$2b$10$qD5iquR/PB1FcLiwD41fj.iA1uIAUVfufd4lCUwbh8mW.0d4gIU96,admin","params":["Chlomi","gutabarwaa@gmail.com","$2b$10$qD5iquR/PB1FcLiwD41fj.iA1uIAUVfufd4lCUwbh8mW.0d4gIU96","admin"],"query":"insert into \"users\" (\"id\", \"name\", \"email\", \"password\", \"role\", \"created_at\", \"updated_at\") values (default, $1, $2, $3, $4, default, default) returning \"id\", \"name\", \"email\", \"role\", \"created_at\", \"updated_at\"","service":"acquisitions-api","stack":"Error: Failed query: insert into \"users\" (\"id\", \"name\", \"email\", \"password\", \"role\", \"created_at\", \"updated_at\") values (default, $1, $2, $3, $4, default, default) returning \"id\", \"name\", \"email\", \"role\", \"created_at\", \"updated_at\"\nparams: Chlomi,gutabarwaa@gmail.com,$2b$10$qD5iquR/PB1FcLiwD41fj.iA1uIAUVfufd4lCUwbh8mW.0d4gIU96,admin\n    at NeonHttpPreparedQuery.queryWithCache (file:///C:/Users/gutab/Videos/acquisitions/node_modules/drizzle-orm/pg-core/session.js:41:15)\n    at process.processTicksAndRejections (node:internal/process/task_queues:105:5)\n    at async NeonHttpPreparedQuery.execute (file:///C:/Users/gutab/Videos/acquisitions/node_modules/drizzle-orm/neon-http/session.js:45:20)\n    at async createUser (file:///C:/Users/gutab/Videos/acquisitions/src/services/auth.service.js:24:23)\n    at async signup (file:///C:/Users/gutab/Videos/acquisitions/src/controllers/auth.controller.js:21:18)","timestamp":"2025-12-17T10:49:52.788Z"}
{"level":"info","message":"::1 - - [17/Dec/2025:10:49:52 +0000] \"POST /api/auth/sign-up HTTP/1.1\" 500 1241 \"-\" \"HTTPie\"","service":"acquisitions-api","timestamp":"2025-12-17T10:49:52.793Z"}
{"level":"error","message":"Error creating user User with this email already exists","service":"acquisitions-api","stack":"Error: User with this email already exists\n    at createUser (file:///C:/Users/gutab/Videos/acquisitions/src/services/auth.service.js:20:40)\n    at process.processTicksAndRejections (node:internal/process/task_queues:105:5)\n    at async signup (file:///C:/Users/gutab/Videos/acquisitions/src/controllers/auth.controller.js:21:18)","timestamp":"2025-12-17T10:51:05.515Z"}
{"level":"error","message":"Signup error User with this email already exists","service":"acquisitions-api","stack":"Error: User with this email already exists\n    at createUser (file:///C:/Users/gutab/Videos/acquisitions/src/services/auth.service.js:20:40)\n    at process.processTicksAndRejections (node:internal/process/task_queues:105:5)\n    at async signup (file:///C:/Users/gutab/Videos/acquisitions/src/controllers/auth.controller.js:21:18)","timestamp":"2025-12-17T10:51:05.517Z"}
{"level":"info","message":"::1 - - [17/Dec/2025:10:51:05 +0000] \"POST /api/auth/sign-up HTTP/1.1\" 500 495 \"-\" \"HTTPie\"","service":"acquisitions-api","timestamp":"2025-12-17T10:51:05.522Z"}
{"level":"error","message":"Error creating user User with this email already exists","service":"acquisitions-api","stack":"Error: User with this email already exists\n    at createUser (file:///C:/Users/gutab/Videos/acquisitions/src/services/auth.service.js:20:40)\n    at process.processTicksAndRejections (node:internal/process/task_queues:105:5)\n    at async signup (file:///C:/Users/gutab/Videos/acquisitions/src/controllers/auth.controller.js:21:18)","timestamp":"2025-12-17T10:51:29.767Z"}
{"level":"error","message":"Signup error User with this email already exists","service":"acquisitions-api","stack":"Error: User with this email already exists\n    at createUser (file:///C:/Users/gutab/Videos/acquisitions/src/services/auth.service.js:20:40)\n    at process.processTicksAndRejections (node:internal/process/task_queues:105:5)\n    at async signup (file:///C:/Users/gutab/Videos/acquisitions/src/controllers/auth.controller.js:21:18)","timestamp":"2025-12-17T10:51:29.770Z"}
{"level":"info","message":"::1 - - [17/Dec/2025:10:51:29 +0000] \"POST /api/auth/sign-up HTTP/1.1\" 500 495 \"-\" \"HTTPie\"","service":"acquisitions-api","timestamp":"2025-12-17T10:51:29.774Z"}
{"level":"info","message":"Created new user: test@gmail.com","service":"acquisitions-api","timestamp":"2025-12-17T10:51:34.067Z"}
{"level":"info","message":"User signed up: test@gmail.com","service":"acquisitions-api","timestamp":"2025-12-17T10:51:34.079Z"}
{"level":"info","message":"::1 - - [17/Dec/2025:10:51:34 +0000] \"POST /api/auth/sign-up HTTP/1.1\" 201 111 \"-\" \"HTTPie\"","service":"acquisitions-api","timestamp":"2025-12-17T10:51:34.085Z"}
{"level":"error","message":"Error creating user User with this email already exists","service":"acquisitions-api","stack":"Error: User with this email already exists\n    at createUser (file:///C:/Users/gutab/Videos/acquisitions/src/services/auth.service.js:20:40)\n    at process.processTicksAndRejections (node:internal/process/task_queues:105:5)\n    at async signup (file:///C:/Users/gutab/Videos/acquisitions/src/controllers/auth.controller.js:21:18)","timestamp":"2025-12-17T10:52:18.065Z"}
{"level":"error","message":"Signup error User with this email already exists","service":"acquisitions-api","stack":"Error: User with this email already exists\n    at createUser (file:///C:/Users/gutab/Videos/acquisitions/src/services/auth.service.js:20:40)\n    at process.processTicksAndRejections (node:internal/process/task_queues:105:5)\n    at async signup (file:///C:/Users/gutab/Videos/acquisitions/src/controllers/auth.controller.js:21:18)","timestamp":"2025-12-17T10:52:18.066Z"}
{"level":"info","message":"::1 - - [17/Dec/2025:10:52:18 +0000] \"POST /api/auth/sign-up HTTP/1.1\" 500 495 \"-\" \"HTTPie\"","service":"acquisitions-api","timestamp":"2025-12-17T10:52:18.068Z"}
{"level":"info","message":"Created new user: res@gmail.com","service":"acquisitions-api","timestamp":"2025-12-17T10:52:24.734Z"}
{"level":"info","message":"User signed up: res@gmail.com","service":"acquisitions-api","timestamp":"2025-12-17T10:52:24.736Z"}
{"level":"info","message":"::1 - - [17/Dec/2025:10:52:24 +0000] \"POST /api/auth/sign-up HTTP/1.1\" 201 109 \"-\" \"HTTPie\"","service":"acquisitions-api","timestamp":"2025-12-17T10:52:24.737Z"}
{"level":"error","message":"Error creating user User with this email already exists","service":"acquisitions-api","stack":"Error: User with this email already exists\n    at createUser (file:///C:/Users/gutab/Videos/acquisitions/src/services/auth.service.js:47:40)\n    at process.processTicksAndRejections (node:internal/process/task_queues:105:5)\n    at async signup (file:///C:/Users/gutab/Videos/acquisitions/src/controllers/auth.controller.js:21:18)","timestamp":"2025-12-17T14:46:41.845Z"}
{"level":"error","message":"Signup error User with this email already exists","service":"acquisitions-api","stack":"Error: User with this email already exists\n    at createUser (file:///C:/Users/gutab/Videos/acquisitions/src/services/auth.service.js:47:40)\n    at process.processTicksAndRejections (node:internal/process/task_queues:105:5)\n    at async signup (file:///C:/Users/gutab/Videos/acquisitions/src/controllers/auth.controller.js:21:18)","timestamp":"2025-12-17T14:46:41.848Z"}
{"level":"info","message":"::1 - - [17/Dec/2025:14:46:41 +0000] \"POST /api/auth/sign-up HTTP/1.1\" 409 31 \"-\" \"HTTPie\"","service":"acquisitions-api","timestamp":"2025-12-17T14:46:41.856Z"}
{"level":"info","message":"::1 - - [17/Dec/2025:14:46:49 +0000] \"POST /api/auth/sign-in HTTP/1.1\" 200 22 \"-\" \"HTTPie\"","service":"acquisitions-api","timestamp":"2025-12-17T14:46:49.199Z"}
{"level":"info","message":"User authenticated: res@gmail.com","service":"acquisitions-api","timestamp":"2025-12-17T14:47:35.329Z"}
{"level":"info","message":"User signed in: res@gmail.com","service":"acquisitions-api","timestamp":"2025-12-17T14:47:35.346Z"}
{"level":"info","message":"::1 - - [17/Dec/2025:14:47:35 +0000] \"POST /api/auth/sign-in HTTP/1.1\" 200 111 \"-\" \"HTTPie\"","service":"acquisitions-api","timestamp":"2025-12-17T14:47:35.351Z"}
{"level":"info","message":"::1 - - [17/Dec/2025:14:47:43 +0000] \"POST /api/auth/sign-out HTTP/1.1\" 400 29 \"-\" \"HTTPie\"","service":"acquisitions-api","timestamp":"2025-12-17T14:47:43.169Z"}
{"level":"info","message":"User authenticated: res@gmail.com","service":"acquisitions-api","timestamp":"2025-12-17T14:47:51.490Z"}
{"level":"info","message":"User signed in: res@gmail.com","service":"acquisitions-api","timestamp":"2025-12-17T14:47:51.492Z"}
{"level":"info","message":"::1 - - [17/Dec/2025:14:47:51 +0000] \"POST /api/auth/sign-in HTTP/1.1\" 200 111 \"-\" \"HTTPie\"","service":"acquisitions-api","timestamp":"2025-12-17T14:47:51.493Z"}
{"level":"info","message":"::1 - - [17/Dec/2025:14:49:24 +0000] \"POST /api/auth/sign-out HTTP/1.1\" 400 29 \"-\" \"HTTPie\"","service":"acquisitions-api","timestamp":"2025-12-17T14:49:24.281Z"}
{"level":"info","message":"::1 - - [17/Dec/2025:14:49:28 +0000] \"POST /api/auth/sign-out HTTP/1.1\" 400 29 \"-\" \"HTTPie\"","service":"acquisitions-api","timestamp":"2025-12-17T14:49:28.114Z"}
{"level":"info","message":"User authenticated: res@gmail.com","service":"acquisitions-api","timestamp":"2025-12-17T14:49:35.644Z"}
{"level":"info","message":"User signed in: res@gmail.com","service":"acquisitions-api","timestamp":"2025-12-17T14:49:35.647Z"}
{"level":"info","message":"::1 - - [17/Dec/2025:14:49:35 +0000] \"POST /api/auth/sign-in HTTP/1.1\" 200 111 \"-\" \"HTTPie\"","service":"acquisitions-api","timestamp":"2025-12-17T14:49:35.649Z"}
{"level":"info","message":"::1 - - [17/Dec/2025:14:49:40 +0000] \"POST /api/auth/sign-in HTTP/1.1\" 400 144 \"-\" \"HTTPie\"","service":"acquisitions-api","timestamp":"2025-12-17T14:49:40.016Z"}
{"level":"info","message":"::1 - - [17/Dec/2025:14:49:45 +0000] \"POST /api/auth/sign-out HTTP/1.1\" 400 29 \"-\" \"HTTPie\"","service":"acquisitions-api","timestamp":"2025-12-17T14:49:45.863Z"}
{"ip":"::1","level":"warn","message":"Bot request blocked","path":"/api/auth/signup","service":"acquisitions-api","timestamp":"2025-12-17T14:57:01.507Z","userAgent":"PostmanRuntime/7.51.0"}
{"level":"info","message":"::1 - - [17/Dec/2025:14:57:01 +0000] \"POST /api/auth/signup HTTP/1.1\" 403 69 \"-\" \"PostmanRuntime/7.51.0\"","service":"acquisitions-api","timestamp":"2025-12-17T14:57:01.519Z"}
{"ip":"::1","level":"warn","message":"Bot request blocked","path":"/api/auth/signup","service":"acquisitions-api","timestamp":"2025-12-17T14:57:08.619Z","userAgent":"PostmanRuntime/7.51.0"}
{"level":"info","message":"::1 - - [17/Dec/2025:14:57:08 +0000] \"POST /api/auth/signup HTTP/1.1\" 403 69 \"-\" \"PostmanRuntime/7.51.0\"","service":"acquisitions-api","timestamp":"2025-12-17T14:57:08.622Z"}
{"ip":"::1","level":"warn","message":"Bot request blocked","path":"/api/auth/signup","service":"acquisitions-api","timestamp":"2025-12-17T14:57:13.959Z","userAgent":"PostmanRuntime/7.51.0"}
{"level":"info","message":"::1 - - [17/Dec/2025:14:57:13 +0000] \"POST /api/auth/signup HTTP/1.1\" 403 69 \"-\" \"PostmanRuntime/7.51.0\"","service":"acquisitions-api","timestamp":"2025-12-17T14:57:13.961Z"}
{"ip":"::1","level":"warn","message":"Bot request blocked","path":"/api/auth/signin","service":"acquisitions-api","timestamp":"2025-12-17T14:57:39.087Z","userAgent":"PostmanRuntime/7.51.0"}
{"level":"info","message":"::1 - - [17/Dec/2025:14:57:39 +0000] \"POST /api/auth/signin HTTP/1.1\" 403 69 \"-\" \"PostmanRuntime/7.51.0\"","service":"acquisitions-api","timestamp":"2025-12-17T14:57:39.088Z"}
{"level":"info","message":"::1 - - [17/Dec/2025:14:59:53 +0000] \"POST /api/auth/signin HTTP/1.1\" 404 155 \"-\" \"PostmanRuntime/7.51.0\"","service":"acquisitions-api","timestamp":"2025-12-17T14:59:53.697Z"}
{"ip":"::1","level":"warn","message":"Bot request blocked","path":"/api/auth/sign-in","service":"acquisitions-api","timestamp":"2025-12-17T15:00:26.594Z","userAgent":"PostmanRuntime/7.51.0"}
{"level":"info","message":"::1 - - [17/Dec/2025:15:00:26 +0000] \"POST /api/auth/sign-in HTTP/1.1\" 403 69 \"-\" \"PostmanRuntime/7.51.0\"","service":"acquisitions-api","timestamp":"2025-12-17T15:00:26.606Z"}
{"level":"error","message":"Error authenticating user User not found","service":"acquisitions-api","stack":"Error: User not found\n    at authenticateUser (file:///C:/Users/gutab/Videos/acquisitions/src/services/auth.service.js:29:22)\n    at process.processTicksAndRejections (node:internal/process/task_queues:105:5)\n    at async signin (file:///C:/Users/gutab/Videos/acquisitions/src/controllers/auth.controller.js:57:18)","timestamp":"2025-12-17T15:00:37.878Z"}
{"level":"error","message":"Sign in error User not found","service":"acquisitions-api","stack":"Error: User not found\n    at authenticateUser (file:///C:/Users/gutab/Videos/acquisitions/src/services/auth.service.js:29:22)\n    at process.processTicksAndRejections (node:internal/process/task_queues:105:5)\n    at async signin (file:///C:/Users/gutab/Videos/acquisitions/src/controllers/auth.controller.js:57:18)","timestamp":"2025-12-17T15:00:37.882Z"}
{"level":"info","message":"::1 - - [17/Dec/2025:15:00:37 +0000] \"POST /api/auth/sign-in HTTP/1.1\" 404 26 \"-\" \"PostmanRuntime/7.51.0\"","service":"acquisitions-api","timestamp":"2025-12-17T15:00:37.887Z"}
{"level":"error","message":"Error creating user User with this email already exists","service":"acquisitions-api","stack":"Error: User with this email already exists\n    at createUser (file:///C:/Users/gutab/Videos/acquisitions/src/services/auth.service.js:47:40)\n    at process.processTicksAndRejections (node:internal/process/task_queues:105:5)\n    at async signup (file:///C:/Users/gutab/Videos/acquisitions/src/controllers/auth.controller.js:21:18)","timestamp":"2025-12-17T15:00:48.683Z"}
{"level":"error","message":"Signup error User with this email already exists","service":"acquisitions-api","stack":"Error: User with this email already exists\n    at createUser (file:///C:/Users/gutab/Videos/acquisitions/src/services/auth.service.js:47:40)\n    at process.processTicksAndRejections (node:internal/process/task_queues:105:5)\n    at async signup (file:///C:/Users/gutab/Videos/acquisitions/src/controllers/auth.controller.js:21:18)","timestamp":"2025-12-17T15:00:48.684Z"}
{"level":"info","message":"::1 - - [17/Dec/2025:15:00:48 +0000] \"POST /api/auth/sign-up HTTP/1.1\" 409 31 \"-\" \"PostmanRuntime/7.51.0\"","service":"acquisitions-api","timestamp":"2025-12-17T15:00:48.687Z"}
{"level":"info","message":"User authenticated: test@gmail.com","service":"acquisitions-api","timestamp":"2025-12-17T15:00:58.145Z"}
{"level":"info","message":"User signed in: test@gmail.com","service":"acquisitions-api","timestamp":"2025-12-17T15:00:58.154Z"}
{"level":"info","message":"::1 - - [17/Dec/2025:15:00:58 +0000] \"POST /api/auth/sign-in HTTP/1.1\" 200 113 \"-\" \"PostmanRuntime/7.51.0\"","service":"acquisitions-api","timestamp":"2025-12-17T15:00:58.156Z"}
{"level":"info","message":"User signed out","service":"acquisitions-api","timestamp":"2025-12-17T15:01:03.069Z"}
{"level":"info","message":"::1 - - [17/Dec/2025:15:01:03 +0000] \"POST /api/auth/sign-out HTTP/1.1\" 200 42 \"-\" \"PostmanRuntime/7.51.0\"","service":"acquisitions-api","timestamp":"2025-12-17T15:01:03.070Z"}
{"level":"info","message":"::1 - - [17/Dec/2025:15:01:43 +0000] \"GET /api/health HTTP/1.1\" 404 149 \"-\" \"PostmanRuntime/7.51.0\"","service":"acquisitions-api","timestamp":"2025-12-17T15:01:43.032Z"}
{"level":"info","message":"::1 - - [17/Dec/2025:15:01:48 +0000] \"GET /health HTTP/1.1\" 200 74 \"-\" \"PostmanRuntime/7.51.0\"","service":"acquisitions-api","timestamp":"2025-12-17T15:01:48.931Z"}
{"level":"info","message":"::1 - - [17/Dec/2025:15:01:50 +0000] \"GET /health HTTP/1.1\" 200 74 \"-\" \"PostmanRuntime/7.51.0\"","service":"acquisitions-api","timestamp":"2025-12-17T15:01:50.352Z"}
{"level":"info","message":"::1 - - [17/Dec/2025:15:01:51 +0000] \"GET /health HTTP/1.1\" 200 74 \"-\" \"PostmanRuntime/7.51.0\"","service":"acquisitions-api","timestamp":"2025-12-17T15:01:51.114Z"}
{"level":"info","message":"::1 - - [17/Dec/2025:15:01:51 +0000] \"GET /health HTTP/1.1\" 200 74 \"-\" \"PostmanRuntime/7.51.0\"","service":"acquisitions-api","timestamp":"2025-12-17T15:01:51.881Z"}
{"level":"info","message":"::1 - - [17/Dec/2025:15:01:52 +0000] \"GET /health HTTP/1.1\" 200 73 \"-\" \"PostmanRuntime/7.51.0\"","service":"acquisitions-api","timestamp":"2025-12-17T15:01:52.629Z"}
{"level":"info","message":"::1 - - [17/Dec/2025:15:01:53 +0000] \"GET /health HTTP/1.1\" 200 74 \"-\" \"PostmanRuntime/7.51.0\"","service":"acquisitions-api","timestamp":"2025-12-17T15:01:53.443Z"}
{"level":"info","message":"::1 - - [17/Dec/2025:15:01:54 +0000] \"GET /health HTTP/1.1\" 200 74 \"-\" \"PostmanRuntime/7.51.0\"","service":"acquisitions-api","timestamp":"2025-12-17T15:01:54.255Z"}
{"level":"info","message":"::1 - - [17/Dec/2025:15:01:54 +0000] \"GET /health HTTP/1.1\" 200 74 \"-\" \"PostmanRuntime/7.51.0\"","service":"acquisitions-api","timestamp":"2025-12-17T15:01:54.987Z"}
{"level":"info","message":"::1 - - [17/Dec/2025:15:01:55 +0000] \"GET /health HTTP/1.1\" 200 74 \"-\" \"PostmanRuntime/7.51.0\"","service":"acquisitions-api","timestamp":"2025-12-17T15:01:55.779Z"}
{"level":"info","message":"::1 - - [17/Dec/2025:15:02:00 +0000] \"GET /health HTTP/1.1\" 200 74 \"-\" \"PostmanRuntime/7.51.0\"","service":"acquisitions-api","timestamp":"2025-12-17T15:02:00.020Z"}
{"level":"info","message":"::1 - - [17/Dec/2025:15:02:31 +0000] \"GET /health HTTP/1.1\" 200 75 \"-\" \"PostmanRuntime/7.51.0\"","service":"acquisitions-api","timestamp":"2025-12-17T15:02:31.630Z"}
{"level":"info","message":"::1 - - [17/Dec/2025:15:02:32 +0000] \"GET /health HTTP/1.1\" 200 75 \"-\" \"PostmanRuntime/7.51.0\"","service":"acquisitions-api","timestamp":"2025-12-17T15:02:32.441Z"}
{"level":"info","message":"::1 - - [17/Dec/2025:15:02:33 +0000] \"GET /health HTTP/1.1\" 200 73 \"-\" \"PostmanRuntime/7.51.0\"","service":"acquisitions-api","timestamp":"2025-12-17T15:02:33.207Z"}
{"level":"info","message":"::1 - - [17/Dec/2025:15:02:33 +0000] \"GET /health HTTP/1.1\" 200 75 \"-\" \"PostmanRuntime/7.51.0\"","service":"acquisitions-api","timestamp":"2025-12-17T15:02:33.891Z"}
{"level":"info","message":"::1 - - [17/Dec/2025:15:02:34 +0000] \"GET /health HTTP/1.1\" 200 75 \"-\" \"PostmanRuntime/7.51.0\"","service":"acquisitions-api","timestamp":"2025-12-17T15:02:34.610Z"}
{"level":"info","message":"::1 - - [17/Dec/2025:15:02:35 +0000] \"GET /health HTTP/1.1\" 200 75 \"-\" \"PostmanRuntime/7.51.0\"","service":"acquisitions-api","timestamp":"2025-12-17T15:02:35.358Z"}
{"level":"info","message":"::1 - - [17/Dec/2025:15:02:36 +0000] \"GET /health HTTP/1.1\" 200 75 \"-\" \"PostmanRuntime/7.51.0\"","service":"acquisitions-api","timestamp":"2025-12-17T15:02:36.048Z"}
{"level":"info","message":"::1 - - [17/Dec/2025:15:02:36 +0000] \"GET /health HTTP/1.1\" 200 75 \"-\" \"PostmanRuntime/7.51.0\"","service":"acquisitions-api","timestamp":"2025-12-17T15:02:36.744Z"}
{"level":"info","message":"::1 - - [17/Dec/2025:15:02:37 +0000] \"GET /health HTTP/1.1\" 200 75 \"-\" \"PostmanRuntime/7.51.0\"","service":"acquisitions-api","timestamp":"2025-12-17T15:02:37.458Z"}
{"level":"info","message":"::1 - - [17/Dec/2025:15:02:38 +0000] \"GET /health HTTP/1.1\" 200 75 \"-\" \"PostmanRuntime/7.51.0\"","service":"acquisitions-api","timestamp":"2025-12-17T15:02:38.110Z"}
{"level":"info","message":"::1 - - [17/Dec/2025:15:02:38 +0000] \"GET /health HTTP/1.1\" 200 75 \"-\" \"PostmanRuntime/7.51.0\"","service":"acquisitions-api","timestamp":"2025-12-17T15:02:38.785Z"}
{"level":"info","message":"::1 - - [17/Dec/2025:15:02:39 +0000] \"GET /health HTTP/1.1\" 200 75 \"-\" \"PostmanRuntime/7.51.0\"","service":"acquisitions-api","timestamp":"2025-12-17T15:02:39.468Z"}
{"level":"info","message":"::1 - - [17/Dec/2025:15:02:40 +0000] \"GET /health HTTP/1.1\" 200 75 \"-\" \"PostmanRuntime/7.51.0\"","service":"acquisitions-api","timestamp":"2025-12-17T15:02:40.195Z"}
{"level":"info","message":"::1 - - [17/Dec/2025:15:02:40 +0000] \"GET /health HTTP/1.1\" 200 75 \"-\" \"PostmanRuntime/7.51.0\"","service":"acquisitions-api","timestamp":"2025-12-17T15:02:40.865Z"}
{"ip":"::1","level":"warn","message":"Bot request blocked","path":"/api/auth/sign-out","service":"acquisitions-api","timestamp":"2025-12-17T15:05:14.741Z","userAgent":"PostmanRuntime/7.51.0"}
{"level":"info","message":"::1 - - [17/Dec/2025:15:05:14 +0000] \"GET /api/auth/sign-out HTTP/1.1\" 403 69 \"-\" \"PostmanRuntime/7.51.0\"","service":"acquisitions-api","timestamp":"2025-12-17T15:05:14.763Z"}
{"ip":"::1","level":"warn","message":"Bot request blocked","path":"/api/auth/sign-out","service":"acquisitions-api","timestamp":"2025-12-17T15:05:19.237Z","userAgent":"PostmanRuntime/7.51.0"}
{"level":"info","message":"::1 - - [17/Dec/2025:15:05:19 +0000] \"POST /api/auth/sign-out HTTP/1.1\" 403 69 \"-\" \"PostmanRuntime/7.51.0\"","service":"acquisitions-api","timestamp":"2025-12-17T15:05:19.239Z"}
{"level":"info","message":"::1 - - [17/Dec/2025:15:16:57 +0000] \"POST /api/auth/sign-out HTTP/1.1\" 400 29 \"-\" \"HTTPie\"","service":"acquisitions-api","timestamp":"2025-12-17T15:16:57.487Z"}
